0 info it worked if it ends with ok
1 verbose cli [ 'C:\\Program Files\\nodejs\\node.exe',
1 verbose cli   'C:\\Users\\Mariano\\AppData\\Roaming\\npm\\node_modules\\npm\\bin\\npm-cli.js',
1 verbose cli   'start' ]
2 info using npm@3.10.10
3 info using node@v10.13.0
4 verbose run-script [ 'prestart', 'start', 'poststart' ]
5 info lifecycle tienda_reactjs@1.0.0~prestart: tienda_reactjs@1.0.0
6 silly lifecycle tienda_reactjs@1.0.0~prestart: no script for prestart, continuing
7 info lifecycle tienda_reactjs@1.0.0~start: tienda_reactjs@1.0.0
8 verbose lifecycle tienda_reactjs@1.0.0~start: unsafe-perm in lifecycle true
9 verbose lifecycle tienda_reactjs@1.0.0~start: PATH: C:\Users\Mariano\AppData\Roaming\npm\node_modules\npm\bin\node-gyp-bin;C:\Users\Mariano\Desktop\Next University Cursos\HerramientasBuildSystemsYTecnologiasEmergentes\Evaluacion\Tienda_ReactJS\node_modules\.bin;C:\Program Files (x86)\Common Files\Oracle\Java\javapath;C:\Program Files (x86)\Common Files\Intel\Shared Files\cpp\bin\Intel64;C:\Program Files (x86)\NVIDIA Corporation\PhysX\Common;C:\ProgramData\Oracle\Java\javapath;C:\WINDOWS\system32;C:\WINDOWS;C:\WINDOWS\System32\Wbem;C:\WINDOWS\System32\WindowsPowerShell\v1.0\;C:\Program Files (x86)\GtkSharp\2.12\bin;C:\Program Files\Microsoft SQL Server\Client SDK\ODBC\110\Tools\Binn\;C:\Program Files (x86)\Microsoft SQL Server\120\Tools\Binn\;C:\Program Files\Microsoft SQL Server\120\Tools\Binn\;C:\Program Files\Microsoft SQL Server\120\DTS\Binn\;C:\Program Files (x86)\Windows Kits\8.1\Windows Performance Toolkit\;C:\PostgreSQL\pg96\bin;C:\WINDOWS\System32\OpenSSH\;C:\Program Files\nodejs\;C:\Users\Mariano\AppData\Local\Programs\Python\Python36-32\Scripts\;C:\Users\Mariano\AppData\Local\Programs\Python\Python36-32\;C:\Users\Mariano\AppData\Local\Microsoft\WindowsApps;C:\Users\Mariano\AppData\Roaming\npm
10 verbose lifecycle tienda_reactjs@1.0.0~start: CWD: C:\Users\Mariano\Desktop\Next University Cursos\HerramientasBuildSystemsYTecnologiasEmergentes\Evaluacion\Tienda_ReactJS
11 silly lifecycle tienda_reactjs@1.0.0~start: Args: [ '/d /s /c', 'webpack-dev-server' ]
12 silly lifecycle tienda_reactjs@1.0.0~start: Returned: code: 3221225786  signal: null
13 info lifecycle tienda_reactjs@1.0.0~start: Failed to exec start script
14 verbose stack Error: tienda_reactjs@1.0.0 start: `webpack-dev-server`
14 verbose stack Exit status 3221225786
14 verbose stack     at EventEmitter.<anonymous> (C:\Users\Mariano\AppData\Roaming\npm\node_modules\npm\lib\utils\lifecycle.js:255:16)
14 verbose stack     at EventEmitter.emit (events.js:182:13)
14 verbose stack     at ChildProcess.<anonymous> (C:\Users\Mariano\AppData\Roaming\npm\node_modules\npm\lib\utils\spawn.js:40:14)
14 verbose stack     at ChildProcess.emit (events.js:182:13)
14 verbose stack     at maybeClose (internal/child_process.js:962:16)
14 verbose stack     at Process.ChildProcess._handle.onexit (internal/child_process.js:251:5)
15 verbose pkgid tienda_reactjs@1.0.0
16 verbose cwd C:\Users\Mariano\Desktop\Next University Cursos\HerramientasBuildSystemsYTecnologiasEmergentes\Evaluacion\Tienda_ReactJS
17 error Windows_NT 10.0.17134
18 error argv "C:\\Program Files\\nodejs\\node.exe" "C:\\Users\\Mariano\\AppData\\Roaming\\npm\\node_modules\\npm\\bin\\npm-cli.js" "start"
19 error node v10.13.0
20 error npm  v3.10.10
21 error code ELIFECYCLE
22 error tienda_reactjs@1.0.0 start: `webpack-dev-server`
22 error Exit status 3221225786
23 error Failed at the tienda_reactjs@1.0.0 start script 'webpack-dev-server'.
23 error Make sure you have the latest version of node.js and npm installed.
23 error If you do, this is most likely a problem with the tienda_reactjs package,
23 error not with npm itself.
23 error Tell the author that this fails on your system:
23 error     webpack-dev-server
23 error You can get information on how to open an issue for this project with:
23 error     npm bugs tienda_reactjs
23 error Or if that isn't available, you can get their info via:
23 error     npm owner ls tienda_reactjs
23 error There is likely additional logging output above.
24 verbose exit [ 1, true ]
